{
  "RSpec": {
    "coverage": {
      "/Users/mattanderson/Desktop/repos/rails/hikerbook/app/models/user.rb": {
        "lines": [
          null,
          null,
          1,
          null,
          null,
          1,
          null,
          null,
          1,
          1,
          1,
          null,
          1,
          null,
          null,
          null,
          1,
          null,
          null,
          null,
          1,
          null,
          1,
          null,
          null,
          null,
          1,
          null,
          null,
          null,
          null,
          null,
          1,
          null,
          null,
          null,
          1,
          1,
          null,
          null,
          null,
          1,
          null,
          1,
          1,
          null,
          1,
          44,
          null,
          null,
          1,
          7,
          null,
          null,
          1,
          21,
          null,
          null,
          1,
          24,
          null,
          null,
          null
        ]
      },
      "/Users/mattanderson/Desktop/repos/rails/hikerbook/app/models/application_record.rb": {
        "lines": [
          1,
          1,
          null
        ]
      },
      "/Users/mattanderson/Desktop/repos/rails/hikerbook/app/helpers/application_helper.rb": {
        "lines": [
          1,
          1,
          0,
          null,
          null
        ]
      },
      "/Users/mattanderson/Desktop/repos/rails/hikerbook/app/models/comment.rb": {
        "lines": [
          1,
          1,
          null,
          1,
          1,
          null,
          1,
          null,
          35,
          null,
          null,
          null,
          null,
          null,
          null,
          1,
          1,
          1,
          null,
          1,
          25,
          null,
          null,
          1,
          null,
          1,
          4,
          null,
          null,
          null,
          null,
          1,
          1,
          null,
          null,
          null,
          null,
          1,
          1,
          null,
          null,
          null
        ]
      },
      "/Users/mattanderson/Desktop/repos/rails/hikerbook/app/models/friend_request.rb": {
        "lines": [
          1,
          1,
          1,
          null,
          1,
          null
        ]
      },
      "/Users/mattanderson/Desktop/repos/rails/hikerbook/app/models/friendship.rb": {
        "lines": [
          1,
          1,
          null,
          1,
          1,
          null,
          1,
          null,
          null,
          null,
          16,
          16,
          null,
          2,
          null,
          null
        ]
      },
      "/Users/mattanderson/Desktop/repos/rails/hikerbook/app/models/like.rb": {
        "lines": [
          1,
          1,
          null,
          1,
          1,
          null,
          1,
          4,
          null,
          null,
          null,
          null,
          null
        ]
      },
      "/Users/mattanderson/Desktop/repos/rails/hikerbook/app/models/post.rb": {
        "lines": [
          null,
          null,
          1,
          1,
          1,
          1,
          null,
          1,
          1,
          1,
          1,
          null,
          null,
          null,
          null,
          null,
          null,
          1,
          1,
          1,
          null,
          1,
          34,
          34,
          null,
          null,
          1,
          38,
          null,
          null,
          1,
          null,
          1,
          13,
          null,
          null,
          null,
          null,
          1,
          1,
          null,
          null,
          null,
          1,
          1,
          null,
          null
        ]
      },
      "/Users/mattanderson/Desktop/repos/rails/hikerbook/app/models/current.rb": {
        "lines": [
          1,
          1,
          null
        ]
      }
    },
    "timestamp": 1663940149
  }
}
